<?xml version="1.0" encoding="UTF-8"?>
<!-- Generated by org.testng.reporters.JUnitXMLReporter -->
<testsuite ignored="0" hostname="DESKTOP-0TK5P9S" failures="0" tests="5" name="Test" time="0.054" errors="0" timestamp="2021-04-12T10:25:41 CST">
  <testcase classname="testng.session1.GropuTag" name="test1" time="0.009"/>
  <testcase classname="testng.session1.GropuTag" name="test2" time="0.002"/>
  <testcase classname="testng.session1.GropuTag" name="test3" time="0.001"/>
  <testcase classname="testng.session1.GropuTag" name="test4" time="0.001"/>
  <testcase classname="testng.session1.GropuTag" name="test5" time="0.001"/>
</testsuite> <!-- Test -->
