<?xml version="1.0" encoding="UTF-8"?>
<!-- Generated by org.testng.reporters.JUnitXMLReporter -->
<testsuite ignored="2" hostname="DESKTOP-0TK5P9S" failures="0" tests="3" name="Test" time="0.042" errors="0" timestamp="2021-04-12T10:27:00 CST">
  <testcase classname="testng.session1.GropuTag" name="test1" time="0.004"/>
  <testcase classname="testng.session1.GropuTag" name="test3" time="0.0"/>
  <testcase classname="testng.session1.GropuTag" name="test4" time="0.0"/>
  <testcase classname="testng.session1.GropuTag" name="test2" time="0.0">
    <ignored/>
  </testcase> <!-- test2 -->
  <testcase classname="testng.session1.GropuTag" name="test5" time="0.0">
    <ignored/>
  </testcase> <!-- test5 -->
</testsuite> <!-- Test -->
