<?xml version="1.0" encoding="UTF-8"?>
<testng-results ignored="2" total="5" passed="3" failed="0" skipped="0">
  <reporter-output>
  </reporter-output>
  <suite started-at="2021-04-12T10:27:00 CST" name="Suite groups" finished-at="2021-04-12T10:27:00 CST" duration-ms="42">
    <groups>
      <group name="regression">
        <method signature="GropuTag.test1()[pri:0, instance:testng.session1.GropuTag@3c153a1]" name="test1" class="testng.session1.GropuTag"/>
        <method signature="GropuTag.test3()[pri:0, instance:testng.session1.GropuTag@3c153a1]" name="test3" class="testng.session1.GropuTag"/>
        <method signature="GropuTag.test4()[pri:0, instance:testng.session1.GropuTag@3c153a1]" name="test4" class="testng.session1.GropuTag"/>
      </group> <!-- regression -->
      <group name="smoke">
        <method signature="GropuTag.test1()[pri:0, instance:testng.session1.GropuTag@3c153a1]" name="test1" class="testng.session1.GropuTag"/>
        <method signature="GropuTag.test3()[pri:0, instance:testng.session1.GropuTag@3c153a1]" name="test3" class="testng.session1.GropuTag"/>
        <method signature="GropuTag.test4()[pri:0, instance:testng.session1.GropuTag@3c153a1]" name="test4" class="testng.session1.GropuTag"/>
      </group> <!-- smoke -->
      <group name="sanity">
        <method signature="GropuTag.test3()[pri:0, instance:testng.session1.GropuTag@3c153a1]" name="test3" class="testng.session1.GropuTag"/>
      </group> <!-- sanity -->
    </groups>
    <test started-at="2021-04-12T10:27:00 CST" name="Test" finished-at="2021-04-12T10:27:00 CST" duration-ms="42">
      <class name="testng.session1.GropuTag">
        <test-method signature="test1()[pri:0, instance:testng.session1.GropuTag@3c153a1]" started-at="2021-04-12T10:27:00 CST" name="test1" finished-at="2021-04-12T10:27:00 CST" duration-ms="4" status="PASS">
          <reporter-output>
          </reporter-output>
        </test-method> <!-- test1 -->
        <test-method signature="test3()[pri:0, instance:testng.session1.GropuTag@3c153a1]" started-at="2021-04-12T10:27:00 CST" name="test3" finished-at="2021-04-12T10:27:00 CST" duration-ms="0" status="PASS">
          <reporter-output>
          </reporter-output>
        </test-method> <!-- test3 -->
        <test-method signature="test4()[pri:0, instance:testng.session1.GropuTag@3c153a1]" started-at="2021-04-12T10:27:00 CST" name="test4" finished-at="2021-04-12T10:27:00 CST" duration-ms="0" status="PASS">
          <reporter-output>
          </reporter-output>
        </test-method> <!-- test4 -->
      </class> <!-- testng.session1.GropuTag -->
    </test> <!-- Test -->
  </suite> <!-- Suite groups -->
</testng-results>
