<?xml version="1.0" encoding="UTF-8"?>
<testsuite xmlns:xsi="http://www.w3.org/2001/XMLSchema-instance" xsi:noNamespaceSchemaLocation="https://maven.apache.org/surefire/maven-surefire-plugin/xsd/surefire-test-report-3.0.xsd" version="3.0" name="TestSuite" time="0.562" tests="3" errors="0" skipped="0" failures="0">
  <properties>
[...]
</properties>
  <testcase name="test1" classname="testng.session1.GropuTag" time="0.008">
    <system-out><![CDATA[Test1
]]></system-out>
  </testcase>
  <testcase name="test3" classname="testng.session1.GropuTag" time="0.001">
    <system-out><![CDATA[Test3
]]></system-out>
  </testcase>
  <testcase name="test4" classname="testng.session1.GropuTag" time="0.001">
    <system-out><![CDATA[Test4
]]></system-out>
  </testcase>
</testsuite>