<?xml version="1.0" encoding="UTF-8"?>
<testng-results ignored="0" total="1" passed="1" failed="0" skipped="0">
  <reporter-output>
  </reporter-output>
  <suite started-at="2021-04-24T09:21:23 CST" name="Default suite" finished-at="2021-04-24T09:21:26 CST" duration-ms="2722">
    <groups>
    </groups>
    <test started-at="2021-04-24T09:21:23 CST" name="Default test" finished-at="2021-04-24T09:21:26 CST" duration-ms="2722">
      <class name="restapi.PracticePOST">
        <test-method signature="getTest()[pri:0, instance:restapi.PracticePOST@3967e60c]" started-at="2021-04-24T09:21:23 CST" name="getTest" finished-at="2021-04-24T09:21:26 CST" duration-ms="2685" status="PASS">
          <reporter-output>
          </reporter-output>
        </test-method> <!-- getTest -->
      </class> <!-- restapi.PracticePOST -->
    </test> <!-- Default test -->
  </suite> <!-- Default suite -->
</testng-results>
